INFO - 2023-01-30 09:51:20 --> Session: Class initialized using 'CodeIgniter\Session\Handlers\FileHandler' driver.
INFO - 2023-01-30 10:37:48 --> Session: Class initialized using 'CodeIgniter\Session\Handlers\FileHandler' driver.
ERROR - 2023-01-30 11:04:18 --> mysqli_sql_exception: Unknown column 'updated_at' in 'field list' in C:\xampp\htdocs\CIapp\system\Database\MySQLi\Connection.php:295
Stack trace:
#0 C:\xampp\htdocs\CIapp\system\Database\MySQLi\Connection.php(295): mysqli->query('INSERT INTO `pa...', 0)
#1 C:\xampp\htdocs\CIapp\system\Database\BaseConnection.php(691): CodeIgniter\Database\MySQLi\Connection->execute('INSERT INTO `pa...')
#2 C:\xampp\htdocs\CIapp\system\Database\BaseConnection.php(605): CodeIgniter\Database\BaseConnection->simpleQuery('INSERT INTO `pa...')
#3 C:\xampp\htdocs\CIapp\system\Database\BaseBuilder.php(2295): CodeIgniter\Database\BaseConnection->query('INSERT INTO `pa...', Array, false)
#4 C:\xampp\htdocs\CIapp\system\Model.php(329): CodeIgniter\Database\BaseBuilder->insert()
#5 C:\xampp\htdocs\CIapp\system\BaseModel.php(782): CodeIgniter\Model->doInsert(Array)
#6 C:\xampp\htdocs\CIapp\system\Model.php(729): CodeIgniter\BaseModel->insert(Array, true)
#7 C:\xampp\htdocs\CIapp\app\Controllers\Admin.php(52): CodeIgniter\Model->insert(Array)
#8 C:\xampp\htdocs\CIapp\system\CodeIgniter.php(934): App\Controllers\Admin->addArtikelP()
#9 C:\xampp\htdocs\CIapp\system\CodeIgniter.php(499): CodeIgniter\CodeIgniter->runController(Object(App\Controllers\Admin))
#10 C:\xampp\htdocs\CIapp\system\CodeIgniter.php(368): CodeIgniter\CodeIgniter->handleRequest(NULL, Object(Config\Cache), false)
#11 C:\xampp\htdocs\CIapp\public\index.php(67): CodeIgniter\CodeIgniter->run()
#12 C:\xampp\htdocs\CIapp\system\Commands\Server\rewrite.php(47): require_once('C:\\xampp\\htdocs...')
#13 {main}
CRITICAL - 2023-01-30 11:04:18 --> Unknown column 'updated_at' in 'field list'
in SYSTEMPATH\Database\BaseConnection.php on line 645.
 1 SYSTEMPATH\Database\BaseBuilder.php(2295): CodeIgniter\Database\BaseConnection->query('INSERT INTO `pariwisata` (`judul`, `deskripsi`, `konten`, `gambar`, `created_at`, `updated_at`) VALUES (:judul:, :deskripsi:, :konten:, :gambar:, :created_at:, :updated_at:)', [...], false)
 2 SYSTEMPATH\Model.php(329): CodeIgniter\Database\BaseBuilder->insert()
 3 SYSTEMPATH\BaseModel.php(782): CodeIgniter\Model->doInsert([...])
 4 SYSTEMPATH\Model.php(729): CodeIgniter\BaseModel->insert([...], true)
 5 APPPATH\Controllers\Admin.php(52): CodeIgniter\Model->insert([...])
 6 SYSTEMPATH\CodeIgniter.php(934): App\Controllers\Admin->addArtikelP()
 7 SYSTEMPATH\CodeIgniter.php(499): CodeIgniter\CodeIgniter->runController(Object(App\Controllers\Admin))
 8 SYSTEMPATH\CodeIgniter.php(368): CodeIgniter\CodeIgniter->handleRequest(null, Object(Config\Cache), false)
 9 FCPATH\index.php(67): CodeIgniter\CodeIgniter->run()
10 SYSTEMPATH\Commands\Server\rewrite.php(47): require_once('FCPATH\\index.php')
CRITICAL - 2023-01-30 11:15:14 --> Invalid file: "admin/pariwisata.php"
in SYSTEMPATH\Exceptions\FrameworkException.php on line 33.
 1 SYSTEMPATH\View\View.php(201): CodeIgniter\Exceptions\FrameworkException::forInvalidFile('admin/pariwisata.php')
 2 SYSTEMPATH\Common.php(1177): CodeIgniter\View\View->render('admin/pariwisata', [], true)
 3 APPPATH\Controllers\Admin.php(55): view('admin/pariwisata')
 4 SYSTEMPATH\CodeIgniter.php(934): App\Controllers\Admin->addArtikelP()
 5 SYSTEMPATH\CodeIgniter.php(499): CodeIgniter\CodeIgniter->runController(Object(App\Controllers\Admin))
 6 SYSTEMPATH\CodeIgniter.php(368): CodeIgniter\CodeIgniter->handleRequest(null, Object(Config\Cache), false)
 7 FCPATH\index.php(67): CodeIgniter\CodeIgniter->run()
 8 SYSTEMPATH\Commands\Server\rewrite.php(47): require_once('FCPATH\\index.php')
CRITICAL - 2023-01-30 11:17:50 --> Undefined variable $status
in APPPATH\Controllers\Admin.php on line 53.
 1 APPPATH\Controllers\Admin.php(53): CodeIgniter\Debug\Exceptions->errorHandler(2, 'Undefined variable $status', 'APPPATH\\Controllers\\Admin.php', 53)
 2 SYSTEMPATH\CodeIgniter.php(934): App\Controllers\Admin->addArtikelP()
 3 SYSTEMPATH\CodeIgniter.php(499): CodeIgniter\CodeIgniter->runController(Object(App\Controllers\Admin))
 4 SYSTEMPATH\CodeIgniter.php(368): CodeIgniter\CodeIgniter->handleRequest(null, Object(Config\Cache), false)
 5 FCPATH\index.php(67): CodeIgniter\CodeIgniter->run()
 6 SYSTEMPATH\Commands\Server\rewrite.php(47): require_once('FCPATH\\index.php')
CRITICAL - 2023-01-30 11:18:09 --> Invalid file: "http://localhost:8080/Admin/pariwisata/pariwisata.php"
in SYSTEMPATH\Exceptions\FrameworkException.php on line 33.
 1 SYSTEMPATH\View\View.php(201): CodeIgniter\Exceptions\FrameworkException::forInvalidFile('http://localhost:8080/Admin/pariwisata/pariwisata.php')
 2 SYSTEMPATH\Common.php(1177): CodeIgniter\View\View->render('http://localhost:8080/Admin/pariwisata/pariwisata', [], true)
 3 APPPATH\Controllers\Admin.php(57): view('http://localhost:8080/Admin/pariwisata/pariwisata')
 4 SYSTEMPATH\CodeIgniter.php(934): App\Controllers\Admin->addArtikelP()
 5 SYSTEMPATH\CodeIgniter.php(499): CodeIgniter\CodeIgniter->runController(Object(App\Controllers\Admin))
 6 SYSTEMPATH\CodeIgniter.php(368): CodeIgniter\CodeIgniter->handleRequest(null, Object(Config\Cache), false)
 7 FCPATH\index.php(67): CodeIgniter\CodeIgniter->run()
 8 SYSTEMPATH\Commands\Server\rewrite.php(47): require_once('FCPATH\\index.php')
CRITICAL - 2023-01-30 11:18:28 --> Invalid file: "http://localhost:8080/admin/pariwisata/pariwisata.php"
in SYSTEMPATH\Exceptions\FrameworkException.php on line 33.
 1 SYSTEMPATH\View\View.php(201): CodeIgniter\Exceptions\FrameworkException::forInvalidFile('http://localhost:8080/admin/pariwisata/pariwisata.php')
 2 SYSTEMPATH\Common.php(1177): CodeIgniter\View\View->render('http://localhost:8080/admin/pariwisata/pariwisata', [], true)
 3 APPPATH\Controllers\Admin.php(57): view('http://localhost:8080/admin/pariwisata/pariwisata')
 4 SYSTEMPATH\CodeIgniter.php(934): App\Controllers\Admin->addArtikelP()
 5 SYSTEMPATH\CodeIgniter.php(499): CodeIgniter\CodeIgniter->runController(Object(App\Controllers\Admin))
 6 SYSTEMPATH\CodeIgniter.php(368): CodeIgniter\CodeIgniter->handleRequest(null, Object(Config\Cache), false)
 7 FCPATH\index.php(67): CodeIgniter\CodeIgniter->run()
 8 SYSTEMPATH\Commands\Server\rewrite.php(47): require_once('FCPATH\\index.php')
CRITICAL - 2023-01-30 11:18:53 --> Invalid file: "http://localhost:8080/Admin/Pariwisata.php"
in SYSTEMPATH\Exceptions\FrameworkException.php on line 33.
 1 SYSTEMPATH\View\View.php(201): CodeIgniter\Exceptions\FrameworkException::forInvalidFile('http://localhost:8080/Admin/Pariwisata.php')
 2 SYSTEMPATH\Common.php(1177): CodeIgniter\View\View->render('http://localhost:8080/Admin/Pariwisata', [], true)
 3 APPPATH\Controllers\Admin.php(57): view('http://localhost:8080/Admin/Pariwisata')
 4 SYSTEMPATH\CodeIgniter.php(934): App\Controllers\Admin->addArtikelP()
 5 SYSTEMPATH\CodeIgniter.php(499): CodeIgniter\CodeIgniter->runController(Object(App\Controllers\Admin))
 6 SYSTEMPATH\CodeIgniter.php(368): CodeIgniter\CodeIgniter->handleRequest(null, Object(Config\Cache), false)
 7 FCPATH\index.php(67): CodeIgniter\CodeIgniter->run()
 8 SYSTEMPATH\Commands\Server\rewrite.php(47): require_once('FCPATH\\index.php')
CRITICAL - 2023-01-30 11:20:52 --> Invalid file: "http://localhost:8080/Admin/Pariwisata.php"
in SYSTEMPATH\Exceptions\FrameworkException.php on line 33.
 1 SYSTEMPATH\View\View.php(201): CodeIgniter\Exceptions\FrameworkException::forInvalidFile('http://localhost:8080/Admin/Pariwisata.php')
 2 SYSTEMPATH\Common.php(1177): CodeIgniter\View\View->render('http://localhost:8080/Admin/Pariwisata', [], true)
 3 APPPATH\Controllers\Admin.php(57): view('http://localhost:8080/Admin/Pariwisata')
 4 SYSTEMPATH\CodeIgniter.php(934): App\Controllers\Admin->addArtikelP()
 5 SYSTEMPATH\CodeIgniter.php(499): CodeIgniter\CodeIgniter->runController(Object(App\Controllers\Admin))
 6 SYSTEMPATH\CodeIgniter.php(368): CodeIgniter\CodeIgniter->handleRequest(null, Object(Config\Cache), false)
 7 FCPATH\index.php(67): CodeIgniter\CodeIgniter->run()
 8 SYSTEMPATH\Commands\Server\rewrite.php(47): require_once('FCPATH\\index.php')
CRITICAL - 2023-01-30 11:21:09 --> Invalid file: "http://localhost:8080/Admin/Pariwisata.php"
in SYSTEMPATH\Exceptions\FrameworkException.php on line 33.
 1 SYSTEMPATH\View\View.php(201): CodeIgniter\Exceptions\FrameworkException::forInvalidFile('http://localhost:8080/Admin/Pariwisata.php')
 2 SYSTEMPATH\Common.php(1177): CodeIgniter\View\View->render('http://localhost:8080/Admin/Pariwisata', [], true)
 3 APPPATH\Controllers\Admin.php(57): view('http://localhost:8080/Admin/Pariwisata')
 4 SYSTEMPATH\CodeIgniter.php(934): App\Controllers\Admin->addArtikelP()
 5 SYSTEMPATH\CodeIgniter.php(499): CodeIgniter\CodeIgniter->runController(Object(App\Controllers\Admin))
 6 SYSTEMPATH\CodeIgniter.php(368): CodeIgniter\CodeIgniter->handleRequest(null, Object(Config\Cache), false)
 7 FCPATH\index.php(67): CodeIgniter\CodeIgniter->run()
 8 SYSTEMPATH\Commands\Server\rewrite.php(47): require_once('FCPATH\\index.php')
INFO - 2023-01-30 11:41:54 --> Session: Class initialized using 'CodeIgniter\Session\Handlers\FileHandler' driver.
CRITICAL - 2023-01-30 11:41:56 --> Undefined variable $all
in APPPATH\Views\admin\pariwisata\pariwisata.php on line 40.
 1 APPPATH\Views\admin\pariwisata\pariwisata.php(40): CodeIgniter\Debug\Exceptions->errorHandler(2, 'Undefined variable $all', 'APPPATH\\Views\\admin\\pariwisata\\pariwisata.php', 40)
 2 SYSTEMPATH\View\View.php(213): include('APPPATH\\Views\\admin\\pariwisata\\pariwisata.php')
 3 SYSTEMPATH\View\View.php(216): CodeIgniter\View\View->CodeIgniter\View\{closure}()
 4 SYSTEMPATH\Common.php(1177): CodeIgniter\View\View->render('admin/pariwisata/pariwisata', [], true)
 5 APPPATH\Controllers\Admin.php(14): view('admin/pariwisata/pariwisata')
 6 SYSTEMPATH\CodeIgniter.php(934): App\Controllers\Admin->pariwisata()
 7 SYSTEMPATH\CodeIgniter.php(499): CodeIgniter\CodeIgniter->runController(Object(App\Controllers\Admin))
 8 SYSTEMPATH\CodeIgniter.php(368): CodeIgniter\CodeIgniter->handleRequest(null, Object(Config\Cache), false)
 9 FCPATH\index.php(67): CodeIgniter\CodeIgniter->run()
10 SYSTEMPATH\Commands\Server\rewrite.php(47): require_once('FCPATH\\index.php')
CRITICAL - 2023-01-30 11:45:42 --> Undefined variable $all
in APPPATH\Views\admin\pariwisata\pariwisata.php on line 40.
 1 APPPATH\Views\admin\pariwisata\pariwisata.php(40): CodeIgniter\Debug\Exceptions->errorHandler(2, 'Undefined variable $all', 'APPPATH\\Views\\admin\\pariwisata\\pariwisata.php', 40)
 2 SYSTEMPATH\View\View.php(213): include('APPPATH\\Views\\admin\\pariwisata\\pariwisata.php')
 3 SYSTEMPATH\View\View.php(216): CodeIgniter\View\View->CodeIgniter\View\{closure}()
 4 SYSTEMPATH\Common.php(1177): CodeIgniter\View\View->render('admin/pariwisata/pariwisata', [], true)
 5 APPPATH\Controllers\Admin.php(20): view('admin/pariwisata/pariwisata', [...])
 6 SYSTEMPATH\CodeIgniter.php(934): App\Controllers\Admin->pariwisata()
 7 SYSTEMPATH\CodeIgniter.php(499): CodeIgniter\CodeIgniter->runController(Object(App\Controllers\Admin))
 8 SYSTEMPATH\CodeIgniter.php(368): CodeIgniter\CodeIgniter->handleRequest(null, Object(Config\Cache), false)
 9 FCPATH\index.php(67): CodeIgniter\CodeIgniter->run()
10 SYSTEMPATH\Commands\Server\rewrite.php(47): require_once('FCPATH\\index.php')
CRITICAL - 2023-01-30 11:46:12 --> Undefined variable $all
in APPPATH\Views\admin\pariwisata\pariwisata.php on line 40.
 1 APPPATH\Views\admin\pariwisata\pariwisata.php(40): CodeIgniter\Debug\Exceptions->errorHandler(2, 'Undefined variable $all', 'APPPATH\\Views\\admin\\pariwisata\\pariwisata.php', 40)
 2 SYSTEMPATH\View\View.php(213): include('APPPATH\\Views\\admin\\pariwisata\\pariwisata.php')
 3 SYSTEMPATH\View\View.php(216): CodeIgniter\View\View->CodeIgniter\View\{closure}()
 4 SYSTEMPATH\Common.php(1177): CodeIgniter\View\View->render('admin/pariwisata/pariwisata', [], true)
 5 APPPATH\Controllers\Admin.php(20): view('admin/pariwisata/pariwisata', [...])
 6 SYSTEMPATH\CodeIgniter.php(934): App\Controllers\Admin->pariwisata()
 7 SYSTEMPATH\CodeIgniter.php(499): CodeIgniter\CodeIgniter->runController(Object(App\Controllers\Admin))
 8 SYSTEMPATH\CodeIgniter.php(368): CodeIgniter\CodeIgniter->handleRequest(null, Object(Config\Cache), false)
 9 FCPATH\index.php(67): CodeIgniter\CodeIgniter->run()
10 SYSTEMPATH\Commands\Server\rewrite.php(47): require_once('FCPATH\\index.php')
CRITICAL - 2023-01-30 11:47:43 --> Undefined variable $all
in APPPATH\Views\admin\pariwisata\pariwisata.php on line 40.
 1 APPPATH\Views\admin\pariwisata\pariwisata.php(40): CodeIgniter\Debug\Exceptions->errorHandler(2, 'Undefined variable $all', 'APPPATH\\Views\\admin\\pariwisata\\pariwisata.php', 40)
 2 SYSTEMPATH\View\View.php(213): include('APPPATH\\Views\\admin\\pariwisata\\pariwisata.php')
 3 SYSTEMPATH\View\View.php(216): CodeIgniter\View\View->CodeIgniter\View\{closure}()
 4 SYSTEMPATH\Common.php(1177): CodeIgniter\View\View->render('admin/pariwisata/pariwisata', [], true)
 5 APPPATH\Controllers\Admin.php(23): view('admin/pariwisata/pariwisata', [...])
 6 SYSTEMPATH\CodeIgniter.php(934): App\Controllers\Admin->pariwisata()
 7 SYSTEMPATH\CodeIgniter.php(499): CodeIgniter\CodeIgniter->runController(Object(App\Controllers\Admin))
 8 SYSTEMPATH\CodeIgniter.php(368): CodeIgniter\CodeIgniter->handleRequest(null, Object(Config\Cache), false)
 9 FCPATH\index.php(67): CodeIgniter\CodeIgniter->run()
10 SYSTEMPATH\Commands\Server\rewrite.php(47): require_once('FCPATH\\index.php')
CRITICAL - 2023-01-30 11:48:06 --> Undefined variable $data
in APPPATH\Views\admin\pariwisata\pariwisata.php on line 40.
 1 APPPATH\Views\admin\pariwisata\pariwisata.php(40): CodeIgniter\Debug\Exceptions->errorHandler(2, 'Undefined variable $data', 'APPPATH\\Views\\admin\\pariwisata\\pariwisata.php', 40)
 2 SYSTEMPATH\View\View.php(213): include('APPPATH\\Views\\admin\\pariwisata\\pariwisata.php')
 3 SYSTEMPATH\View\View.php(216): CodeIgniter\View\View->CodeIgniter\View\{closure}()
 4 SYSTEMPATH\Common.php(1177): CodeIgniter\View\View->render('admin/pariwisata/pariwisata', [], true)
 5 APPPATH\Controllers\Admin.php(23): view('admin/pariwisata/pariwisata', [...])
 6 SYSTEMPATH\CodeIgniter.php(934): App\Controllers\Admin->pariwisata()
 7 SYSTEMPATH\CodeIgniter.php(499): CodeIgniter\CodeIgniter->runController(Object(App\Controllers\Admin))
 8 SYSTEMPATH\CodeIgniter.php(368): CodeIgniter\CodeIgniter->handleRequest(null, Object(Config\Cache), false)
 9 FCPATH\index.php(67): CodeIgniter\CodeIgniter->run()
10 SYSTEMPATH\Commands\Server\rewrite.php(47): require_once('FCPATH\\index.php')
ERROR - 2023-01-30 11:51:53 --> mysqli_sql_exception: You have an error in your SQL syntax; check the manual that corresponds to your MariaDB server version for the right syntax to use near ':0:' at line 3 in C:\xampp\htdocs\CIapp\system\Database\MySQLi\Connection.php:295
Stack trace:
#0 C:\xampp\htdocs\CIapp\system\Database\MySQLi\Connection.php(295): mysqli->query('SELECT *\nFROM `...', 0)
#1 C:\xampp\htdocs\CIapp\system\Database\BaseConnection.php(691): CodeIgniter\Database\MySQLi\Connection->execute('SELECT *\nFROM `...')
#2 C:\xampp\htdocs\CIapp\system\Database\BaseConnection.php(605): CodeIgniter\Database\BaseConnection->simpleQuery('SELECT *\nFROM `...')
#3 C:\xampp\htdocs\CIapp\system\Database\BaseBuilder.php(1602): CodeIgniter\Database\BaseConnection->query('SELECT *\nFROM `...', Array, false)
#4 C:\xampp\htdocs\CIapp\system\Model.php(240): CodeIgniter\Database\BaseBuilder->get()
#5 C:\xampp\htdocs\CIapp\system\BaseModel.php(618): CodeIgniter\Model->doFindAll(0, 0)
#6 C:\xampp\htdocs\CIapp\app\Controllers\Pariwisata.php(13): CodeIgniter\BaseModel->findAll()
#7 C:\xampp\htdocs\CIapp\system\CodeIgniter.php(934): App\Controllers\Pariwisata->index()
#8 C:\xampp\htdocs\CIapp\system\CodeIgniter.php(499): CodeIgniter\CodeIgniter->runController(Object(App\Controllers\Pariwisata))
#9 C:\xampp\htdocs\CIapp\system\CodeIgniter.php(368): CodeIgniter\CodeIgniter->handleRequest(NULL, Object(Config\Cache), false)
#10 C:\xampp\htdocs\CIapp\public\index.php(67): CodeIgniter\CodeIgniter->run()
#11 C:\xampp\htdocs\CIapp\system\Commands\Server\rewrite.php(47): require_once('C:\\xampp\\htdocs...')
#12 {main}
CRITICAL - 2023-01-30 11:51:53 --> You have an error in your SQL syntax; check the manual that corresponds to your MariaDB server version for the right syntax to use near ':0:' at line 3
in SYSTEMPATH\Database\BaseConnection.php on line 645.
 1 SYSTEMPATH\Database\BaseBuilder.php(1602): CodeIgniter\Database\BaseConnection->query('SELECT *
FROM `pariwisata`
WHERE 0 = :0:', [...], false)
 2 SYSTEMPATH\Model.php(240): CodeIgniter\Database\BaseBuilder->get()
 3 SYSTEMPATH\BaseModel.php(618): CodeIgniter\Model->doFindAll(0, 0)
 4 APPPATH\Controllers\Pariwisata.php(13): CodeIgniter\BaseModel->findAll()
 5 SYSTEMPATH\CodeIgniter.php(934): App\Controllers\Pariwisata->index()
 6 SYSTEMPATH\CodeIgniter.php(499): CodeIgniter\CodeIgniter->runController(Object(App\Controllers\Pariwisata))
 7 SYSTEMPATH\CodeIgniter.php(368): CodeIgniter\CodeIgniter->handleRequest(null, Object(Config\Cache), false)
 8 FCPATH\index.php(67): CodeIgniter\CodeIgniter->run()
 9 SYSTEMPATH\Commands\Server\rewrite.php(47): require_once('FCPATH\\index.php')
CRITICAL - 2023-01-30 11:54:56 --> Object of class App\Models\PariwisataModel could not be converted to string
in APPPATH\Controllers\Admin.php on line 20.
 1 SYSTEMPATH\CodeIgniter.php(934): App\Controllers\Admin->pariwisata()
 2 SYSTEMPATH\CodeIgniter.php(499): CodeIgniter\CodeIgniter->runController(Object(App\Controllers\Admin))
 3 SYSTEMPATH\CodeIgniter.php(368): CodeIgniter\CodeIgniter->handleRequest(null, Object(Config\Cache), false)
 4 FCPATH\index.php(67): CodeIgniter\CodeIgniter->run()
 5 SYSTEMPATH\Commands\Server\rewrite.php(47): require_once('FCPATH\\index.php')
CRITICAL - 2023-01-30 11:56:52 --> Undefined variable $pariwisata
in APPPATH\Views\admin\pariwisata\pariwisata.php on line 40.
 1 APPPATH\Views\admin\pariwisata\pariwisata.php(40): CodeIgniter\Debug\Exceptions->errorHandler(2, 'Undefined variable $pariwisata', 'APPPATH\\Views\\admin\\pariwisata\\pariwisata.php', 40)
 2 SYSTEMPATH\View\View.php(213): include('APPPATH\\Views\\admin\\pariwisata\\pariwisata.php')
 3 SYSTEMPATH\View\View.php(216): CodeIgniter\View\View->CodeIgniter\View\{closure}()
 4 SYSTEMPATH\Common.php(1177): CodeIgniter\View\View->render('admin/pariwisata/pariwisata', [], true)
 5 APPPATH\Controllers\Admin.php(26): view('admin/pariwisata/pariwisata', [...])
 6 SYSTEMPATH\CodeIgniter.php(934): App\Controllers\Admin->pariwisata()
 7 SYSTEMPATH\CodeIgniter.php(499): CodeIgniter\CodeIgniter->runController(Object(App\Controllers\Admin))
 8 SYSTEMPATH\CodeIgniter.php(368): CodeIgniter\CodeIgniter->handleRequest(null, Object(Config\Cache), false)
 9 FCPATH\index.php(67): CodeIgniter\CodeIgniter->run()
10 SYSTEMPATH\Commands\Server\rewrite.php(47): require_once('FCPATH\\index.php')
CRITICAL - 2023-01-30 11:57:02 --> Undefined variable $all
in APPPATH\Views\admin\pariwisata\pariwisata.php on line 40.
 1 APPPATH\Views\admin\pariwisata\pariwisata.php(40): CodeIgniter\Debug\Exceptions->errorHandler(2, 'Undefined variable $all', 'APPPATH\\Views\\admin\\pariwisata\\pariwisata.php', 40)
 2 SYSTEMPATH\View\View.php(213): include('APPPATH\\Views\\admin\\pariwisata\\pariwisata.php')
 3 SYSTEMPATH\View\View.php(216): CodeIgniter\View\View->CodeIgniter\View\{closure}()
 4 SYSTEMPATH\Common.php(1177): CodeIgniter\View\View->render('admin/pariwisata/pariwisata', [], true)
 5 APPPATH\Controllers\Admin.php(26): view('admin/pariwisata/pariwisata', [...])
 6 SYSTEMPATH\CodeIgniter.php(934): App\Controllers\Admin->pariwisata()
 7 SYSTEMPATH\CodeIgniter.php(499): CodeIgniter\CodeIgniter->runController(Object(App\Controllers\Admin))
 8 SYSTEMPATH\CodeIgniter.php(368): CodeIgniter\CodeIgniter->handleRequest(null, Object(Config\Cache), false)
 9 FCPATH\index.php(67): CodeIgniter\CodeIgniter->run()
10 SYSTEMPATH\Commands\Server\rewrite.php(47): require_once('FCPATH\\index.php')
INFO - 2023-01-30 12:09:26 --> Session: Class initialized using 'CodeIgniter\Session\Handlers\FileHandler' driver.
INFO - 2023-01-30 14:43:21 --> Session: Class initialized using 'CodeIgniter\Session\Handlers\FileHandler' driver.
CRITICAL - 2023-01-30 14:43:42 --> The route for "http://localhost:8080/Admin/Pariwisata" cannot be found.
in SYSTEMPATH\HTTP\RedirectResponse.php on line 60.
 1 SYSTEMPATH\HTTP\RedirectResponse.php(60): CodeIgniter\HTTP\Exceptions\HTTPException::forInvalidRedirectRoute('http://localhost:8080/Admin/Pariwisata')
 2 SYSTEMPATH\Common.php(869): CodeIgniter\HTTP\RedirectResponse->route(false)
 3 APPPATH\Controllers\Admin.php(73): redirect('http://localhost:8080/Admin/Pariwisata')
 4 SYSTEMPATH\CodeIgniter.php(934): App\Controllers\Admin->addArtikelP()
 5 SYSTEMPATH\CodeIgniter.php(499): CodeIgniter\CodeIgniter->runController(Object(App\Controllers\Admin))
 6 SYSTEMPATH\CodeIgniter.php(368): CodeIgniter\CodeIgniter->handleRequest(null, Object(Config\Cache), false)
 7 FCPATH\index.php(67): CodeIgniter\CodeIgniter->run()
 8 SYSTEMPATH\Commands\Server\rewrite.php(47): require_once('FCPATH\\index.php')
CRITICAL - 2023-01-30 14:44:59 --> The route for "/Admin/Pariwisata" cannot be found.
in SYSTEMPATH\HTTP\RedirectResponse.php on line 60.
 1 SYSTEMPATH\HTTP\RedirectResponse.php(60): CodeIgniter\HTTP\Exceptions\HTTPException::forInvalidRedirectRoute('/Admin/Pariwisata')
 2 SYSTEMPATH\Common.php(869): CodeIgniter\HTTP\RedirectResponse->route(false)
 3 APPPATH\Controllers\Admin.php(73): redirect('/Admin/Pariwisata')
 4 SYSTEMPATH\CodeIgniter.php(934): App\Controllers\Admin->addArtikelP()
 5 SYSTEMPATH\CodeIgniter.php(499): CodeIgniter\CodeIgniter->runController(Object(App\Controllers\Admin))
 6 SYSTEMPATH\CodeIgniter.php(368): CodeIgniter\CodeIgniter->handleRequest(null, Object(Config\Cache), false)
 7 FCPATH\index.php(67): CodeIgniter\CodeIgniter->run()
 8 SYSTEMPATH\Commands\Server\rewrite.php(47): require_once('FCPATH\\index.php')
