ERROR - 2023-02-06 03:05:31 --> Error connecting to the database: mysqli_sql_exception: No connection could be made because the target machine actively refused it in C:\xampp\htdocs\CIapp\system\Database\MySQLi\Connection.php:173
Stack trace:
#0 C:\xampp\htdocs\CIapp\system\Database\MySQLi\Connection.php(173): mysqli->real_connect('127.0.0.1', 'root', Object(SensitiveParameterValue), 'sembalun', 3306, '', 0)
#1 C:\xampp\htdocs\CIapp\system\Database\BaseConnection.php(391): CodeIgniter\Database\MySQLi\Connection->connect(false)
#2 C:\xampp\htdocs\CIapp\system\Database\BaseConnection.php(573): CodeIgniter\Database\BaseConnection->initialize()
#3 C:\xampp\htdocs\CIapp\system\Database\BaseBuilder.php(1602): CodeIgniter\Database\BaseConnection->query('SELECT *\nFROM `...', Array, false)
#4 C:\xampp\htdocs\CIapp\system\Model.php(240): CodeIgniter\Database\BaseBuilder->get()
#5 C:\xampp\htdocs\CIapp\system\BaseModel.php(618): CodeIgniter\Model->doFindAll(0, 0)
#6 C:\xampp\htdocs\CIapp\app\Controllers\Pariwisata.php(13): CodeIgniter\BaseModel->findAll()
#7 C:\xampp\htdocs\CIapp\system\CodeIgniter.php(934): App\Controllers\Pariwisata->index()
#8 C:\xampp\htdocs\CIapp\system\CodeIgniter.php(499): CodeIgniter\CodeIgniter->runController(Object(App\Controllers\Pariwisata))
#9 C:\xampp\htdocs\CIapp\system\CodeIgniter.php(368): CodeIgniter\CodeIgniter->handleRequest(NULL, Object(Config\Cache), false)
#10 C:\xampp\htdocs\CIapp\public\index.php(67): CodeIgniter\CodeIgniter->run()
#11 C:\xampp\htdocs\CIapp\system\Commands\Server\rewrite.php(47): require_once('C:\\xampp\\htdocs...')
#12 {main}

Next CodeIgniter\Database\Exceptions\DatabaseException: No connection could be made because the target machine actively refused it in C:\xampp\htdocs\CIapp\system\Database\MySQLi\Connection.php:218
Stack trace:
#0 C:\xampp\htdocs\CIapp\system\Database\BaseConnection.php(391): CodeIgniter\Database\MySQLi\Connection->connect(false)
#1 C:\xampp\htdocs\CIapp\system\Database\BaseConnection.php(573): CodeIgniter\Database\BaseConnection->initialize()
#2 C:\xampp\htdocs\CIapp\system\Database\BaseBuilder.php(1602): CodeIgniter\Database\BaseConnection->query('SELECT *\nFROM `...', Array, false)
#3 C:\xampp\htdocs\CIapp\system\Model.php(240): CodeIgniter\Database\BaseBuilder->get()
#4 C:\xampp\htdocs\CIapp\system\BaseModel.php(618): CodeIgniter\Model->doFindAll(0, 0)
#5 C:\xampp\htdocs\CIapp\app\Controllers\Pariwisata.php(13): CodeIgniter\BaseModel->findAll()
#6 C:\xampp\htdocs\CIapp\system\CodeIgniter.php(934): App\Controllers\Pariwisata->index()
#7 C:\xampp\htdocs\CIapp\system\CodeIgniter.php(499): CodeIgniter\CodeIgniter->runController(Object(App\Controllers\Pariwisata))
#8 C:\xampp\htdocs\CIapp\system\CodeIgniter.php(368): CodeIgniter\CodeIgniter->handleRequest(NULL, Object(Config\Cache), false)
#9 C:\xampp\htdocs\CIapp\public\index.php(67): CodeIgniter\CodeIgniter->run()
#10 C:\xampp\htdocs\CIapp\system\Commands\Server\rewrite.php(47): require_once('C:\\xampp\\htdocs...')
#11 {main}
CRITICAL - 2023-02-06 03:05:31 --> Unable to connect to the database.
Main connection [MySQLi]: No connection could be made because the target machine actively refused it
in SYSTEMPATH\Database\BaseConnection.php on line 427.
 1 SYSTEMPATH\Database\BaseConnection.php(573): CodeIgniter\Database\BaseConnection->initialize()
 2 SYSTEMPATH\Database\BaseBuilder.php(1602): CodeIgniter\Database\BaseConnection->query('SELECT *
FROM `pariwisata`
WHERE `status` = :status:', [...], false)
 3 SYSTEMPATH\Model.php(240): CodeIgniter\Database\BaseBuilder->get()
 4 SYSTEMPATH\BaseModel.php(618): CodeIgniter\Model->doFindAll(0, 0)
 5 APPPATH\Controllers\Pariwisata.php(13): CodeIgniter\BaseModel->findAll()
 6 SYSTEMPATH\CodeIgniter.php(934): App\Controllers\Pariwisata->index()
 7 SYSTEMPATH\CodeIgniter.php(499): CodeIgniter\CodeIgniter->runController(Object(App\Controllers\Pariwisata))
 8 SYSTEMPATH\CodeIgniter.php(368): CodeIgniter\CodeIgniter->handleRequest(null, Object(Config\Cache), false)
 9 FCPATH\index.php(67): CodeIgniter\CodeIgniter->run()
10 SYSTEMPATH\Commands\Server\rewrite.php(47): require_once('FCPATH\\index.php')
INFO - 2023-02-06 03:06:10 --> Session: Class initialized using 'CodeIgniter\Session\Handlers\FileHandler' driver.
CRITICAL - 2023-02-06 03:10:52 --> Undefined array key "updated_at"
in APPPATH\Views\admin\sejarah\sejarah.php on line 44.
 1 APPPATH\Views\admin\sejarah\sejarah.php(44): CodeIgniter\Debug\Exceptions->errorHandler(2, 'Undefined array key "updated_at"', 'APPPATH\\Views\\admin\\sejarah\\sejarah.php', 44)
 2 SYSTEMPATH\View\View.php(213): include('APPPATH\\Views\\admin\\sejarah\\sejarah.php')
 3 SYSTEMPATH\View\View.php(216): CodeIgniter\View\View->CodeIgniter\View\{closure}()
 4 SYSTEMPATH\Common.php(1177): CodeIgniter\View\View->render('admin/sejarah/sejarah', [], true)
 5 APPPATH\Controllers\Admin.php(129): view('admin/sejarah/sejarah', [...])
 6 SYSTEMPATH\CodeIgniter.php(934): App\Controllers\Admin->sejarah()
 7 SYSTEMPATH\CodeIgniter.php(499): CodeIgniter\CodeIgniter->runController(Object(App\Controllers\Admin))
 8 SYSTEMPATH\CodeIgniter.php(368): CodeIgniter\CodeIgniter->handleRequest(null, Object(Config\Cache), false)
 9 FCPATH\index.php(67): CodeIgniter\CodeIgniter->run()
10 SYSTEMPATH\Commands\Server\rewrite.php(47): require_once('FCPATH\\index.php')
CRITICAL - 2023-02-06 03:14:20 --> Call to a member function move() on null
in APPPATH\Controllers\Admin.php on line 146.
 1 SYSTEMPATH\CodeIgniter.php(934): App\Controllers\Admin->addArtikelS()
 2 SYSTEMPATH\CodeIgniter.php(499): CodeIgniter\CodeIgniter->runController(Object(App\Controllers\Admin))
 3 SYSTEMPATH\CodeIgniter.php(368): CodeIgniter\CodeIgniter->handleRequest(null, Object(Config\Cache), false)
 4 FCPATH\index.php(67): CodeIgniter\CodeIgniter->run()
 5 SYSTEMPATH\Commands\Server\rewrite.php(47): require_once('FCPATH\\index.php')
INFO - 2023-02-06 06:42:01 --> Session: Class initialized using 'CodeIgniter\Session\Handlers\FileHandler' driver.
CRITICAL - 2023-02-06 06:46:28 --> Undefined variable $p
in APPPATH\Views\admin\sejarah\sejarah.php on line 48.
 1 APPPATH\Views\admin\sejarah\sejarah.php(48): CodeIgniter\Debug\Exceptions->errorHandler(2, 'Undefined variable $p', 'APPPATH\\Views\\admin\\sejarah\\sejarah.php', 48)
 2 SYSTEMPATH\View\View.php(213): include('APPPATH\\Views\\admin\\sejarah\\sejarah.php')
 3 SYSTEMPATH\View\View.php(216): CodeIgniter\View\View->CodeIgniter\View\{closure}()
 4 SYSTEMPATH\Common.php(1177): CodeIgniter\View\View->render('admin/sejarah/sejarah', [], true)
 5 APPPATH\Controllers\Admin.php(129): view('admin/sejarah/sejarah', [...])
 6 SYSTEMPATH\CodeIgniter.php(934): App\Controllers\Admin->sejarah()
 7 SYSTEMPATH\CodeIgniter.php(499): CodeIgniter\CodeIgniter->runController(Object(App\Controllers\Admin))
 8 SYSTEMPATH\CodeIgniter.php(368): CodeIgniter\CodeIgniter->handleRequest(null, Object(Config\Cache), false)
 9 FCPATH\index.php(67): CodeIgniter\CodeIgniter->run()
10 SYSTEMPATH\Commands\Server\rewrite.php(47): require_once('FCPATH\\index.php')
CRITICAL - 2023-02-06 06:52:21 --> Undefined array key "deksripsi"
in APPPATH\Views\admin\sejarah\sejarah-edit.php on line 40.
 1 APPPATH\Views\admin\sejarah\sejarah-edit.php(40): CodeIgniter\Debug\Exceptions->errorHandler(2, 'Undefined array key "deksripsi"', 'APPPATH\\Views\\admin\\sejarah\\sejarah-edit.php', 40)
 2 SYSTEMPATH\View\View.php(213): include('APPPATH\\Views\\admin\\sejarah\\sejarah-edit.php')
 3 SYSTEMPATH\View\View.php(216): CodeIgniter\View\View->CodeIgniter\View\{closure}()
 4 SYSTEMPATH\Common.php(1177): CodeIgniter\View\View->render('admin/sejarah/sejarah-edit', [], true)
 5 APPPATH\Controllers\Admin.php(210): view('admin/sejarah/sejarah-edit', [...])
 6 SYSTEMPATH\CodeIgniter.php(934): App\Controllers\Admin->sejarahEdit('4')
 7 SYSTEMPATH\CodeIgniter.php(499): CodeIgniter\CodeIgniter->runController(Object(App\Controllers\Admin))
 8 SYSTEMPATH\CodeIgniter.php(368): CodeIgniter\CodeIgniter->handleRequest(null, Object(Config\Cache), false)
 9 FCPATH\index.php(67): CodeIgniter\CodeIgniter->run()
10 SYSTEMPATH\Commands\Server\rewrite.php(47): require_once('FCPATH\\index.php')
INFO - 2023-02-06 07:11:53 --> Session: Class initialized using 'CodeIgniter\Session\Handlers\FileHandler' driver.
INFO - 2023-02-06 07:14:13 --> Session: Class initialized using 'CodeIgniter\Session\Handlers\FileHandler' driver.
INFO - 2023-02-06 07:26:13 --> Session: Class initialized using 'CodeIgniter\Session\Handlers\FileHandler' driver.
