CRITICAL - 2023-01-21 09:25:08 --> require_once(config/config.php): Failed to open stream: No such file or directory
in APPPATH\Views\login.php on line 4.
 1 APPPATH\Views\login.php(4): CodeIgniter\Debug\Exceptions->errorHandler(2, 'require_once(config/config.php): Failed to open stream: No such file or directory', 'APPPATH\\Views\\login.php', 4)
 2 APPPATH\Views\login.php(4): require_once()
 3 SYSTEMPATH\View\View.php(213): include('APPPATH\\Views\\login.php')
 4 SYSTEMPATH\View\View.php(216): CodeIgniter\View\View->CodeIgniter\View\{closure}()
 5 SYSTEMPATH\Common.php(1177): CodeIgniter\View\View->render('login', [], true)
 6 APPPATH\Controllers\Login.php(9): view('login')
 7 SYSTEMPATH\CodeIgniter.php(934): App\Controllers\Login->index()
 8 SYSTEMPATH\CodeIgniter.php(499): CodeIgniter\CodeIgniter->runController(Object(App\Controllers\Login))
 9 SYSTEMPATH\CodeIgniter.php(368): CodeIgniter\CodeIgniter->handleRequest(null, Object(Config\Cache), false)
10 FCPATH\index.php(67): CodeIgniter\CodeIgniter->run()
11 SYSTEMPATH\Commands\Server\rewrite.php(47): require_once('FCPATH\\index.php')
CRITICAL - 2023-01-21 09:25:54 --> require_once(config/config.php): Failed to open stream: No such file or directory
in APPPATH\Views\login.php on line 4.
 1 APPPATH\Views\login.php(4): CodeIgniter\Debug\Exceptions->errorHandler(2, 'require_once(config/config.php): Failed to open stream: No such file or directory', 'APPPATH\\Views\\login.php', 4)
 2 APPPATH\Views\login.php(4): require_once()
 3 SYSTEMPATH\View\View.php(213): include('APPPATH\\Views\\login.php')
 4 SYSTEMPATH\View\View.php(216): CodeIgniter\View\View->CodeIgniter\View\{closure}()
 5 SYSTEMPATH\Common.php(1177): CodeIgniter\View\View->render('login', [], true)
 6 APPPATH\Controllers\Login.php(9): view('login')
 7 SYSTEMPATH\CodeIgniter.php(934): App\Controllers\Login->index()
 8 SYSTEMPATH\CodeIgniter.php(499): CodeIgniter\CodeIgniter->runController(Object(App\Controllers\Login))
 9 SYSTEMPATH\CodeIgniter.php(368): CodeIgniter\CodeIgniter->handleRequest(null, Object(Config\Cache), false)
10 FCPATH\index.php(67): CodeIgniter\CodeIgniter->run()
11 SYSTEMPATH\Commands\Server\rewrite.php(47): require_once('FCPATH\\index.php')
CRITICAL - 2023-01-21 11:03:23 --> Class "App\Controllers\SejarahModel" not found
in APPPATH\Controllers\Sejarah.php on line 9.
 1 SYSTEMPATH\CodeIgniter.php(906): App\Controllers\Sejarah->__Construct()
 2 SYSTEMPATH\CodeIgniter.php(490): CodeIgniter\CodeIgniter->createController()
 3 SYSTEMPATH\CodeIgniter.php(368): CodeIgniter\CodeIgniter->handleRequest(null, Object(Config\Cache), false)
 4 FCPATH\index.php(67): CodeIgniter\CodeIgniter->run()
 5 SYSTEMPATH\Commands\Server\rewrite.php(47): require_once('FCPATH\\index.php')
ERROR - 2023-01-21 11:10:13 --> mysqli_sql_exception: Table 'sembalun.sembalun' doesn't exist in C:\xampp\htdocs\CIapp\system\Database\MySQLi\Connection.php:295
Stack trace:
#0 C:\xampp\htdocs\CIapp\system\Database\MySQLi\Connection.php(295): mysqli->query('SELECT *\nFROM `...', 0)
#1 C:\xampp\htdocs\CIapp\system\Database\BaseConnection.php(691): CodeIgniter\Database\MySQLi\Connection->execute('SELECT *\nFROM `...')
#2 C:\xampp\htdocs\CIapp\system\Database\BaseConnection.php(605): CodeIgniter\Database\BaseConnection->simpleQuery('SELECT *\nFROM `...')
#3 C:\xampp\htdocs\CIapp\system\Database\BaseBuilder.php(1602): CodeIgniter\Database\BaseConnection->query('SELECT *\nFROM `...', Array, false)
#4 C:\xampp\htdocs\CIapp\system\Model.php(240): CodeIgniter\Database\BaseBuilder->get()
#5 C:\xampp\htdocs\CIapp\system\BaseModel.php(618): CodeIgniter\Model->doFindAll(0, 0)
#6 C:\xampp\htdocs\CIapp\app\Controllers\Sejarah.php(12): CodeIgniter\BaseModel->findAll()
#7 C:\xampp\htdocs\CIapp\system\CodeIgniter.php(934): App\Controllers\Sejarah->index()
#8 C:\xampp\htdocs\CIapp\system\CodeIgniter.php(499): CodeIgniter\CodeIgniter->runController(Object(App\Controllers\Sejarah))
#9 C:\xampp\htdocs\CIapp\system\CodeIgniter.php(368): CodeIgniter\CodeIgniter->handleRequest(NULL, Object(Config\Cache), false)
#10 C:\xampp\htdocs\CIapp\public\index.php(67): CodeIgniter\CodeIgniter->run()
#11 C:\xampp\htdocs\CIapp\system\Commands\Server\rewrite.php(47): require_once('C:\\xampp\\htdocs...')
#12 {main}
CRITICAL - 2023-01-21 11:10:13 --> Table 'sembalun.sembalun' doesn't exist
in SYSTEMPATH\Database\BaseConnection.php on line 645.
 1 SYSTEMPATH\Database\BaseBuilder.php(1602): CodeIgniter\Database\BaseConnection->query('SELECT *
FROM `sembalun`', [], false)
 2 SYSTEMPATH\Model.php(240): CodeIgniter\Database\BaseBuilder->get()
 3 SYSTEMPATH\BaseModel.php(618): CodeIgniter\Model->doFindAll(0, 0)
 4 APPPATH\Controllers\Sejarah.php(12): CodeIgniter\BaseModel->findAll()
 5 SYSTEMPATH\CodeIgniter.php(934): App\Controllers\Sejarah->index()
 6 SYSTEMPATH\CodeIgniter.php(499): CodeIgniter\CodeIgniter->runController(Object(App\Controllers\Sejarah))
 7 SYSTEMPATH\CodeIgniter.php(368): CodeIgniter\CodeIgniter->handleRequest(null, Object(Config\Cache), false)
 8 FCPATH\index.php(67): CodeIgniter\CodeIgniter->run()
 9 SYSTEMPATH\Commands\Server\rewrite.php(47): require_once('FCPATH\\index.php')
CRITICAL - 2023-01-21 11:11:05 --> Undefined variable $k
in APPPATH\Views\sejarah.php on line 64.
 1 APPPATH\Views\sejarah.php(64): CodeIgniter\Debug\Exceptions->errorHandler(2, 'Undefined variable $k', 'APPPATH\\Views\\sejarah.php', 64)
 2 SYSTEMPATH\View\View.php(213): include('APPPATH\\Views\\sejarah.php')
 3 SYSTEMPATH\View\View.php(216): CodeIgniter\View\View->CodeIgniter\View\{closure}()
 4 SYSTEMPATH\Common.php(1177): CodeIgniter\View\View->render('sejarah', [], true)
 5 APPPATH\Controllers\Sejarah.php(19): view('sejarah', [...])
 6 SYSTEMPATH\CodeIgniter.php(934): App\Controllers\Sejarah->index()
 7 SYSTEMPATH\CodeIgniter.php(499): CodeIgniter\CodeIgniter->runController(Object(App\Controllers\Sejarah))
 8 SYSTEMPATH\CodeIgniter.php(368): CodeIgniter\CodeIgniter->handleRequest(null, Object(Config\Cache), false)
 9 FCPATH\index.php(67): CodeIgniter\CodeIgniter->run()
10 SYSTEMPATH\Commands\Server\rewrite.php(47): require_once('FCPATH\\index.php')
